{
  "stats": {
    "suites": 1,
    "tests": 1,
    "passes": 1,
    "pending": 0,
    "failures": 0,
    "start": "2023-04-14T19:00:24.339Z",
    "end": "2023-04-14T19:00:26.209Z",
    "duration": 1870,
    "testsRegistered": 1,
    "passPercent": 100,
    "pendingPercent": 0,
    "other": 0,
    "hasOther": false,
    "skipped": 0,
    "hasSkipped": false
  },
  "results": [
    {
      "uuid": "0b2238a4-dfba-49dc-87cb-f9db2b3ec5e6",
      "title": "",
      "fullFile": "D:\\FrontEnd\\Practice projects\\selenuimtry27.03\\test\\brokenLinks.js",
      "file": "\\test\\brokenLinks.js",
      "beforeHooks": [],
      "afterHooks": [],
      "tests": [],
      "suites": [
        {
          "uuid": "94f5fc34-2957-4f99-8228-5d6bbd79f21f",
          "title": "task for go phptravels",
          "fullFile": "D:\\FrontEnd\\Practice projects\\selenuimtry27.03\\test\\brokenLinks.js",
          "file": "\\test\\brokenLinks.js",
          "beforeHooks": [],
          "afterHooks": [],
          "tests": [
            {
              "title": "automate all links",
              "fullTitle": "task for go phptravels automate all links",
              "timedOut": false,
              "duration": 1860,
              "state": "passed",
              "speed": "slow",
              "pass": true,
              "fail": false,
              "pending": false,
              "context": null,
              "code": "//create driver\n// Set up the Selenium driver\nconst driver = await new Builder().forBrowser(\"chrome\").build();\n// Navigate to the webpage\ndriver.get(\"https://phptravels.com/demo/\");\n// Find all the links on the page\nconst links = driver.findElements(By.tagName(\"a\"));\n// Log the href attribute of each link to the console\nlinks.then(function (elements) {\n  elements.forEach(function (element) {\n    element.getAttribute(\"href\").then(function (href) {\n      console.log(href);\n      checkLink(href)\n    });\n  });\n});\nsetTimeout(async function () {\n  await driver.quit();\n}, 5000);",
              "err": {},
              "uuid": "619d1ad2-6b87-4c46-bda5-30d6a8d946de",
              "parentUUID": "94f5fc34-2957-4f99-8228-5d6bbd79f21f",
              "isHook": false,
              "skipped": false
            }
          ],
          "suites": [],
          "passes": [
            "619d1ad2-6b87-4c46-bda5-30d6a8d946de"
          ],
          "failures": [],
          "pending": [],
          "skipped": [],
          "duration": 1860,
          "root": false,
          "rootEmpty": false,
          "_timeout": 0
        }
      ],
      "passes": [],
      "failures": [],
      "pending": [],
      "skipped": [],
      "duration": 0,
      "root": true,
      "rootEmpty": true,
      "_timeout": 0
    }
  ],
  "meta": {
    "mocha": {
      "version": "10.2.0"
    },
    "mochawesome": {
      "options": {
        "quiet": false,
        "reportFilename": "mochawesome",
        "saveHtml": true,
        "saveJson": true,
        "consoleReporter": "spec",
        "useInlineDiffs": false,
        "code": true
      },
      "version": "7.1.3"
    },
    "marge": {
      "options": null,
      "version": "6.2.0"
    }
  }
}